Determining if the pthread_create exist failed with the following output:
Change Dir: /home/florian/Documents/dvb_ws/ROS_Libraries/build/CMakeFiles/CMakeTmp

Run Build Command:"/usr/bin/make" "cmTC_4ecb5/fast"
/usr/bin/make -f CMakeFiles/cmTC_4ecb5.dir/build.make CMakeFiles/cmTC_4ecb5.dir/build
make[1] : on entre dans le répertoire « /home/florian/Documents/dvb_ws/ROS_Libraries/build/CMakeFiles/CMakeTmp »
Building C object CMakeFiles/cmTC_4ecb5.dir/CheckSymbolExists.c.o
/usr/bin/cc     -o CMakeFiles/cmTC_4ecb5.dir/CheckSymbolExists.c.o   -c /home/florian/Documents/dvb_ws/ROS_Libraries/build/CMakeFiles/CMakeTmp/CheckSymbolExists.c
Linking C executable cmTC_4ecb5
/usr/bin/cmake -E cmake_link_script CMakeFiles/cmTC_4ecb5.dir/link.txt --verbose=1
/usr/bin/cc       CMakeFiles/cmTC_4ecb5.dir/CheckSymbolExists.c.o  -o cmTC_4ecb5 -rdynamic 
CMakeFiles/cmTC_4ecb5.dir/CheckSymbolExists.c.o : Dans la fonction « main » :
CheckSymbolExists.c:(.text+0x16) : référence indéfinie vers « pthread_create »
collect2: error: ld returned 1 exit status
CMakeFiles/cmTC_4ecb5.dir/build.make:97 : la recette pour la cible « cmTC_4ecb5 » a échouée
make[1]: *** [cmTC_4ecb5] Erreur 1
make[1] : on quitte le répertoire « /home/florian/Documents/dvb_ws/ROS_Libraries/build/CMakeFiles/CMakeTmp »
Makefile:126 : la recette pour la cible « cmTC_4ecb5/fast » a échouée
make: *** [cmTC_4ecb5/fast] Erreur 2

File /home/florian/Documents/dvb_ws/ROS_Libraries/build/CMakeFiles/CMakeTmp/CheckSymbolExists.c:
/* */
#include <pthread.h>

int main(int argc, char** argv)
{
  (void)argv;
#ifndef pthread_create
  return ((int*)(&pthread_create))[argc];
#else
  (void)argc;
  return 0;
#endif
}

Determining if the function pthread_create exists in the pthreads failed with the following output:
Change Dir: /home/florian/Documents/dvb_ws/ROS_Libraries/build/CMakeFiles/CMakeTmp

Run Build Command:"/usr/bin/make" "cmTC_b76da/fast"
/usr/bin/make -f CMakeFiles/cmTC_b76da.dir/build.make CMakeFiles/cmTC_b76da.dir/build
make[1] : on entre dans le répertoire « /home/florian/Documents/dvb_ws/ROS_Libraries/build/CMakeFiles/CMakeTmp »
Building C object CMakeFiles/cmTC_b76da.dir/CheckFunctionExists.c.o
/usr/bin/cc    -DCHECK_FUNCTION_EXISTS=pthread_create   -o CMakeFiles/cmTC_b76da.dir/CheckFunctionExists.c.o   -c /usr/share/cmake-3.5/Modules/CheckFunctionExists.c
Linking C executable cmTC_b76da
/usr/bin/cmake -E cmake_link_script CMakeFiles/cmTC_b76da.dir/link.txt --verbose=1
/usr/bin/cc   -DCHECK_FUNCTION_EXISTS=pthread_create    CMakeFiles/cmTC_b76da.dir/CheckFunctionExists.c.o  -o cmTC_b76da -rdynamic -lpthreads 
/usr/bin/ld : ne peut trouver -lpthreads
collect2: error: ld returned 1 exit status
CMakeFiles/cmTC_b76da.dir/build.make:97 : la recette pour la cible « cmTC_b76da » a échouée
make[1]: *** [cmTC_b76da] Erreur 1
make[1] : on quitte le répertoire « /home/florian/Documents/dvb_ws/ROS_Libraries/build/CMakeFiles/CMakeTmp »
Makefile:126 : la recette pour la cible « cmTC_b76da/fast » a échouée
make: *** [cmTC_b76da/fast] Erreur 2


